Generated at 2016-11-18 01:01:55 -0500
Chef::Exceptions::NoSuchResourceType: Cannot find a resource for apt_update on windows version 10.0.14393
C:/opscode/chefdk/embedded/lib/ruby/gems/2.3.0/gems/chef-12.15.19-universal-mingw32/lib/chef/resource.rb:1527:in `resource_for_node'
C:/opscode/chefdk/embedded/lib/ruby/gems/2.3.0/gems/chef-12.15.19-universal-mingw32/lib/chef/resource_builder.rb:103:in `resource_class'
C:/opscode/chefdk/embedded/lib/ruby/gems/2.3.0/gems/chef-12.15.19-universal-mingw32/lib/chef/resource_builder.rb:48:in `build'
C:/opscode/chefdk/embedded/lib/ruby/gems/2.3.0/gems/chef-12.15.19-universal-mingw32/lib/chef/dsl/declare_resource.rb:285:in `build_resource'
C:/opscode/chefdk/embedded/lib/ruby/gems/2.3.0/gems/chef-12.15.19-universal-mingw32/lib/chef/dsl/declare_resource.rb:242:in `declare_resource'
C:/opscode/chefdk/embedded/lib/ruby/gems/2.3.0/gems/chef-12.15.19-universal-mingw32/lib/chef/dsl/resources.rb:40:in `apt_update'
C:/ChefRepo/chef-repo/webserver.rb:1:in `from_file'
C:/opscode/chefdk/embedded/lib/ruby/gems/2.3.0/gems/chef-12.15.19-universal-mingw32/lib/chef/mixin/from_file.rb:30:in `instance_eval'
C:/opscode/chefdk/embedded/lib/ruby/gems/2.3.0/gems/chef-12.15.19-universal-mingw32/lib/chef/mixin/from_file.rb:30:in `from_file'
C:/opscode/chefdk/embedded/lib/ruby/gems/2.3.0/gems/chef-12.15.19-universal-mingw32/lib/chef/run_context.rb:347:in `load_recipe_file'
C:/opscode/chefdk/embedded/lib/ruby/gems/2.3.0/gems/chef-12.15.19-universal-mingw32/lib/chef/policy_builder/expand_node_object.rb:100:in `block in setup_run_context'
C:/opscode/chefdk/embedded/lib/ruby/gems/2.3.0/gems/chef-12.15.19-universal-mingw32/lib/chef/policy_builder/expand_node_object.rb:99:in `each'
C:/opscode/chefdk/embedded/lib/ruby/gems/2.3.0/gems/chef-12.15.19-universal-mingw32/lib/chef/policy_builder/expand_node_object.rb:99:in `setup_run_context'
C:/opscode/chefdk/embedded/lib/ruby/gems/2.3.0/gems/chef-12.15.19-universal-mingw32/lib/chef/client.rb:510:in `setup_run_context'
C:/opscode/chefdk/embedded/lib/ruby/gems/2.3.0/gems/chef-12.15.19-universal-mingw32/lib/chef/client.rb:280:in `run'
C:/opscode/chefdk/embedded/lib/ruby/gems/2.3.0/gems/chef-12.15.19-universal-mingw32/lib/chef/application.rb:284:in `run_with_graceful_exit_option'
C:/opscode/chefdk/embedded/lib/ruby/gems/2.3.0/gems/chef-12.15.19-universal-mingw32/lib/chef/application.rb:260:in `block in run_chef_client'
C:/opscode/chefdk/embedded/lib/ruby/gems/2.3.0/gems/chef-12.15.19-universal-mingw32/lib/chef/local_mode.rb:44:in `with_server_connectivity'
C:/opscode/chefdk/embedded/lib/ruby/gems/2.3.0/gems/chef-12.15.19-universal-mingw32/lib/chef/application.rb:243:in `run_chef_client'
C:/opscode/chefdk/embedded/lib/ruby/gems/2.3.0/gems/chef-12.15.19-universal-mingw32/lib/chef/application/client.rb:464:in `sleep_then_run_chef_client'
C:/opscode/chefdk/embedded/lib/ruby/gems/2.3.0/gems/chef-12.15.19-universal-mingw32/lib/chef/application/client.rb:451:in `block in interval_run_chef_client'
C:/opscode/chefdk/embedded/lib/ruby/gems/2.3.0/gems/chef-12.15.19-universal-mingw32/lib/chef/application/client.rb:450:in `loop'
C:/opscode/chefdk/embedded/lib/ruby/gems/2.3.0/gems/chef-12.15.19-universal-mingw32/lib/chef/application/client.rb:450:in `interval_run_chef_client'
C:/opscode/chefdk/embedded/lib/ruby/gems/2.3.0/gems/chef-12.15.19-universal-mingw32/lib/chef/application/client.rb:434:in `run_application'
C:/opscode/chefdk/embedded/lib/ruby/gems/2.3.0/gems/chef-12.15.19-universal-mingw32/lib/chef/application.rb:60:in `run'
C:/opscode/chefdk/embedded/lib/ruby/gems/2.3.0/gems/chef-12.15.19-universal-mingw32/bin/chef-client:26:in `<top (required)>'
C:/opscode/chefdk/bin/chef-client:68:in `load'
C:/opscode/chefdk/bin/chef-client:68:in `<main>'